<?xml version="1.0" encoding="UTF-8"?>
<!-- Generated by org.testng.reporters.JUnitReportReporter -->
<testsuite skipped="0" hostname="SaiKrishna" name="com.wipro.GetRequestTest" tests="1" failures="0" timestamp="2020-07-08T11:55:23 IST" time="1.748" errors="0">
  <testcase name="getRequest" time="1.748" classname="com.wipro.GetRequestTest"/>
  <system-out/>
</testsuite> <!-- com.wipro.GetRequestTest -->
