<?xml version="1.0" encoding="UTF-8"?>
<!-- Generated by org.testng.reporters.JUnitReportReporter -->
<testsuite skipped="0" hostname="SaiKrishna" name="com.wipro.PutRequestTest" tests="1" failures="0" timestamp="2020-07-08T12:34:46 IST" time="2.491" errors="0">
  <testcase name="putRequest" time="2.491" classname="com.wipro.PutRequestTest"/>
  <system-out/>
</testsuite> <!-- com.wipro.PutRequestTest -->
