<?xml version="1.0" encoding="UTF-8"?>
<!-- Generated by org.testng.reporters.JUnitReportReporter -->
<testsuite skipped="0" hostname="SaiKrishna" name="com.wipro.DeleteRequestTest" tests="1" failures="0" timestamp="2020-07-08T13:15:03 IST" time="2.388" errors="0">
  <testcase name="deleteRequest" time="2.388" classname="com.wipro.DeleteRequestTest"/>
  <system-out/>
</testsuite> <!-- com.wipro.DeleteRequestTest -->
