<?xml version="1.0" encoding="UTF-8"?>
<!-- Generated by org.testng.reporters.JUnitReportReporter -->
<testsuite skipped="0" hostname="SaiKrishna" name="com.wipro.PostRequestTest" tests="1" failures="0" timestamp="2020-07-08T13:15:03 IST" time="0.637" errors="0">
  <testcase name="postRequest" time="0.637" classname="com.wipro.PostRequestTest"/>
  <system-out/>
</testsuite> <!-- com.wipro.PostRequestTest -->
