<?xml version="1.0" encoding="UTF-8"?>
<!-- Generated by org.testng.reporters.JUnitReportReporter -->
<testsuite skipped="0" hostname="SaiKrishna" name="com.wipro.GetRequestTest" tests="1" failures="0" timestamp="2020-07-08T13:15:03 IST" time="0.411" errors="0">
  <testcase name="getRequest" time="0.411" classname="com.wipro.GetRequestTest"/>
  <system-out/>
</testsuite> <!-- com.wipro.GetRequestTest -->
