<?xml version="1.0" encoding="UTF-8"?>
<!-- Generated by org.testng.reporters.JUnitReportReporter -->
<testsuite skipped="0" hostname="SaiKrishna" name="com.wipro.PutRequestTest" tests="1" failures="0" timestamp="2020-07-08T13:15:03 IST" time="0.426" errors="0">
  <testcase name="putRequest" time="0.426" classname="com.wipro.PutRequestTest"/>
  <system-out/>
</testsuite> <!-- com.wipro.PutRequestTest -->
